{"__type":"$$EventMessageAudit","id":"1284c034-83fa-476f-b490-790406ada585","ts":"2025-04-14T10:23:11.135+00:00","eventName":"n8n.audit.user.login.failed","message":"n8n.audit.user.login.failed","payload":{"authenticationMethod":"email","userEmail":"Khang.tranddtk21@hcmut.edu.vn","reason":"wrong credentials"}}
{"__type":"$$EventMessageConfirm","confirm":"1284c034-83fa-476f-b490-790406ada585","ts":"2025-04-14T10:23:11.244+00:00","source":{"id":"0","name":"eventBus"}}
{"__type":"$$EventMessageAudit","id":"532478c4-6134-4915-9896-f7ed877052d7","ts":"2025-04-14T10:23:20.293+00:00","eventName":"n8n.audit.user.login.failed","message":"n8n.audit.user.login.failed","payload":{"authenticationMethod":"email","userEmail":"Khang.tranddtk21@hcmut.edu.vn","reason":"wrong credentials"}}
{"__type":"$$EventMessageConfirm","confirm":"532478c4-6134-4915-9896-f7ed877052d7","ts":"2025-04-14T10:23:20.294+00:00","source":{"id":"0","name":"eventBus"}}
{"__type":"$$EventMessageAudit","id":"44be934b-9de6-40e6-aa77-05f86ab32659","ts":"2025-04-14T10:23:30.662+00:00","eventName":"n8n.audit.user.login.failed","message":"n8n.audit.user.login.failed","payload":{"authenticationMethod":"email","userEmail":"Khang.tranddtk21@hcmut.edu.vn","reason":"wrong credentials"}}
{"__type":"$$EventMessageConfirm","confirm":"44be934b-9de6-40e6-aa77-05f86ab32659","ts":"2025-04-14T10:23:30.662+00:00","source":{"id":"0","name":"eventBus"}}
{"__type":"$$EventMessageAudit","id":"ebbbf88e-9b74-49da-9eb7-4e9a96eb0edd","ts":"2025-04-14T10:24:19.399+00:00","eventName":"n8n.audit.user.login.failed","message":"n8n.audit.user.login.failed","payload":{"authenticationMethod":"email","userEmail":"khangtran.050703@gmail.com","reason":"wrong credentials"}}
{"__type":"$$EventMessageConfirm","confirm":"ebbbf88e-9b74-49da-9eb7-4e9a96eb0edd","ts":"2025-04-14T10:24:19.400+00:00","source":{"id":"0","name":"eventBus"}}
{"__type":"$$EventMessageAudit","id":"4b6442e3-39ff-45bc-b759-aff43002de83","ts":"2025-04-14T10:24:24.814+00:00","eventName":"n8n.audit.user.login.failed","message":"n8n.audit.user.login.failed","payload":{"authenticationMethod":"email","userEmail":"khangtran.050703@gmail.com","reason":"wrong credentials"}}
{"__type":"$$EventMessageConfirm","confirm":"4b6442e3-39ff-45bc-b759-aff43002de83","ts":"2025-04-14T10:24:24.814+00:00","source":{"id":"0","name":"eventBus"}}
{"__type":"$$EventMessageAudit","id":"9339072e-6565-4b06-bf80-1b1d09ce84e0","ts":"2025-04-14T10:24:29.102+00:00","eventName":"n8n.audit.user.login.failed","message":"n8n.audit.user.login.failed","payload":{"authenticationMethod":"email","userEmail":"khangtran.050703@gmail.com","reason":"wrong credentials"}}
{"__type":"$$EventMessageConfirm","confirm":"9339072e-6565-4b06-bf80-1b1d09ce84e0","ts":"2025-04-14T10:24:29.102+00:00","source":{"id":"0","name":"eventBus"}}
{"__type":"$$EventMessageAudit","id":"37fcd963-0794-43c3-8d38-82c363238544","ts":"2025-04-14T10:24:43.803+00:00","eventName":"n8n.audit.user.login.failed","message":"n8n.audit.user.login.failed","payload":{"authenticationMethod":"email","userEmail":"Khang.tranddtk21@hcmut.edu.vn","reason":"wrong credentials"}}
{"__type":"$$EventMessageConfirm","confirm":"37fcd963-0794-43c3-8d38-82c363238544","ts":"2025-04-14T10:24:43.804+00:00","source":{"id":"0","name":"eventBus"}}
{"__type":"$$EventMessageAudit","id":"05f9476f-746e-4b24-b0e8-72a6fefdfcec","ts":"2025-04-14T10:24:56.068+00:00","eventName":"n8n.audit.user.login.failed","message":"n8n.audit.user.login.failed","payload":{"authenticationMethod":"email","userEmail":"Khang.tranddtk21@hcmut.edu.vn","reason":"wrong credentials"}}
{"__type":"$$EventMessageConfirm","confirm":"05f9476f-746e-4b24-b0e8-72a6fefdfcec","ts":"2025-04-14T10:24:56.068+00:00","source":{"id":"0","name":"eventBus"}}
{"__type":"$$EventMessageAudit","id":"90a019be-4a53-4e69-ba05-7fee46bf902d","ts":"2025-04-14T10:27:31.088+00:00","eventName":"n8n.audit.user.login.failed","message":"n8n.audit.user.login.failed","payload":{"authenticationMethod":"email","userEmail":"Khang.tranddtk21@hcmut.edu.vn","reason":"wrong credentials"}}
{"__type":"$$EventMessageConfirm","confirm":"90a019be-4a53-4e69-ba05-7fee46bf902d","ts":"2025-04-14T10:27:31.089+00:00","source":{"id":"0","name":"eventBus"}}
{"__type":"$$EventMessageAudit","id":"686a3b96-f5df-4fc6-90d4-bba2d561b809","ts":"2025-04-14T10:27:44.945+00:00","eventName":"n8n.audit.user.login.failed","message":"n8n.audit.user.login.failed","payload":{"authenticationMethod":"email","userEmail":"Khang.tranddtk21@hcmut.edu.vn","reason":"wrong credentials"}}
{"__type":"$$EventMessageConfirm","confirm":"686a3b96-f5df-4fc6-90d4-bba2d561b809","ts":"2025-04-14T10:27:44.945+00:00","source":{"id":"0","name":"eventBus"}}
{"__type":"$$EventMessageAudit","id":"19912c0f-92d7-4a2f-a630-cd68d2e6f289","ts":"2025-04-14T10:27:51.881+00:00","eventName":"n8n.audit.user.login.failed","message":"n8n.audit.user.login.failed","payload":{"authenticationMethod":"email","userEmail":"Khang.tranddtk21@hcmut.edu.vn","reason":"wrong credentials"}}
{"__type":"$$EventMessageConfirm","confirm":"19912c0f-92d7-4a2f-a630-cd68d2e6f289","ts":"2025-04-14T10:27:51.881+00:00","source":{"id":"0","name":"eventBus"}}
{"__type":"$$EventMessageAudit","id":"7100d098-d38d-4f99-b59a-dd7c8394ad96","ts":"2025-04-14T10:27:56.675+00:00","eventName":"n8n.audit.user.login.failed","message":"n8n.audit.user.login.failed","payload":{"authenticationMethod":"email","userEmail":"Khang.tranddtk21@hcmut.edu.vn","reason":"wrong credentials"}}
{"__type":"$$EventMessageConfirm","confirm":"7100d098-d38d-4f99-b59a-dd7c8394ad96","ts":"2025-04-14T10:27:56.675+00:00","source":{"id":"0","name":"eventBus"}}
{"__type":"$$EventMessageAudit","id":"71ca7b1c-c266-49f0-82b3-2cffc8a5a0b6","ts":"2025-04-14T10:29:32.011+00:00","eventName":"n8n.audit.user.login.failed","message":"n8n.audit.user.login.failed","payload":{"authenticationMethod":"email","userEmail":"Khang.tranddtk21@hcmut.edu.vn","reason":"wrong credentials"}}
{"__type":"$$EventMessageConfirm","confirm":"71ca7b1c-c266-49f0-82b3-2cffc8a5a0b6","ts":"2025-04-14T10:29:32.012+00:00","source":{"id":"0","name":"eventBus"}}
{"__type":"$$EventMessageAudit","id":"41005f75-a158-4859-9dd8-a42008d64b8f","ts":"2025-04-14T10:29:33.421+00:00","eventName":"n8n.audit.user.login.failed","message":"n8n.audit.user.login.failed","payload":{"authenticationMethod":"email","userEmail":"Khang.tranddtk21@hcmut.edu.vn","reason":"wrong credentials"}}
{"__type":"$$EventMessageConfirm","confirm":"41005f75-a158-4859-9dd8-a42008d64b8f","ts":"2025-04-14T10:29:33.421+00:00","source":{"id":"0","name":"eventBus"}}
{"__type":"$$EventMessageAudit","id":"29709c02-5ea9-4731-8e4d-589b64e82d94","ts":"2025-04-14T10:29:41.119+00:00","eventName":"n8n.audit.user.login.failed","message":"n8n.audit.user.login.failed","payload":{"authenticationMethod":"email","userEmail":"Khang.tranddtk21@hcmut.edu.vn","reason":"wrong credentials"}}
{"__type":"$$EventMessageConfirm","confirm":"29709c02-5ea9-4731-8e4d-589b64e82d94","ts":"2025-04-14T10:29:41.120+00:00","source":{"id":"0","name":"eventBus"}}
{"__type":"$$EventMessageAudit","id":"b8098724-e875-4f79-a6b4-5a44ace045bb","ts":"2025-04-14T10:29:43.828+00:00","eventName":"n8n.audit.user.login.failed","message":"n8n.audit.user.login.failed","payload":{"authenticationMethod":"email","userEmail":"Khang.tranddtk21@hcmut.edu.vn","reason":"wrong credentials"}}
{"__type":"$$EventMessageConfirm","confirm":"b8098724-e875-4f79-a6b4-5a44ace045bb","ts":"2025-04-14T10:29:43.828+00:00","source":{"id":"0","name":"eventBus"}}
{"__type":"$$EventMessageAudit","id":"2d821ceb-47aa-4511-a2ae-6fe30bc51835","ts":"2025-04-14T10:29:47.687+00:00","eventName":"n8n.audit.user.login.failed","message":"n8n.audit.user.login.failed","payload":{"authenticationMethod":"email","userEmail":"Khang.tranddtk21@hcmut.edu.vn","reason":"wrong credentials"}}
{"__type":"$$EventMessageConfirm","confirm":"2d821ceb-47aa-4511-a2ae-6fe30bc51835","ts":"2025-04-14T10:29:47.687+00:00","source":{"id":"0","name":"eventBus"}}
{"__type":"$$EventMessageAudit","id":"03dda3c1-0b8a-4f3f-ad5c-3aab05d3328d","ts":"2025-04-14T10:30:58.283+00:00","eventName":"n8n.audit.user.login.failed","message":"n8n.audit.user.login.failed","payload":{"authenticationMethod":"email","userEmail":"khang.tranddtk21@hcmut.edu.vn","reason":"wrong credentials"}}
{"__type":"$$EventMessageConfirm","confirm":"03dda3c1-0b8a-4f3f-ad5c-3aab05d3328d","ts":"2025-04-14T10:30:58.284+00:00","source":{"id":"0","name":"eventBus"}}
{"__type":"$$EventMessageAudit","id":"1e3e3577-e644-4256-bf30-d942785e38e7","ts":"2025-04-14T10:34:34.385+00:00","eventName":"n8n.audit.user.login.failed","message":"n8n.audit.user.login.failed","payload":{"authenticationMethod":"email","userEmail":"huhupikachu465@gmail.com","reason":"wrong credentials"}}
{"__type":"$$EventMessageConfirm","confirm":"1e3e3577-e644-4256-bf30-d942785e38e7","ts":"2025-04-14T10:34:34.386+00:00","source":{"id":"0","name":"eventBus"}}
{"__type":"$$EventMessageAudit","id":"2ce3e0c5-f1f6-4289-b5e4-65a8ce39b335","ts":"2025-04-14T10:34:41.823+00:00","eventName":"n8n.audit.user.login.failed","message":"n8n.audit.user.login.failed","payload":{"authenticationMethod":"email","userEmail":"huhupikachu465@gmail.com","reason":"wrong credentials"}}
{"__type":"$$EventMessageConfirm","confirm":"2ce3e0c5-f1f6-4289-b5e4-65a8ce39b335","ts":"2025-04-14T10:34:41.823+00:00","source":{"id":"0","name":"eventBus"}}
{"__type":"$$EventMessageAudit","id":"5552bb4e-4ad5-4f34-b596-09bbc44e7f75","ts":"2025-04-14T10:34:42.615+00:00","eventName":"n8n.audit.user.login.failed","message":"n8n.audit.user.login.failed","payload":{"authenticationMethod":"email","userEmail":"huhupikachu465@gmail.com","reason":"wrong credentials"}}
{"__type":"$$EventMessageConfirm","confirm":"5552bb4e-4ad5-4f34-b596-09bbc44e7f75","ts":"2025-04-14T10:34:42.616+00:00","source":{"id":"0","name":"eventBus"}}
{"__type":"$$EventMessageAudit","id":"ae4a86de-e433-44b8-ba25-b94ba0e6a869","ts":"2025-04-14T10:34:42.816+00:00","eventName":"n8n.audit.user.login.failed","message":"n8n.audit.user.login.failed","payload":{"authenticationMethod":"email","userEmail":"huhupikachu465@gmail.com","reason":"wrong credentials"}}
{"__type":"$$EventMessageConfirm","confirm":"ae4a86de-e433-44b8-ba25-b94ba0e6a869","ts":"2025-04-14T10:34:42.816+00:00","source":{"id":"0","name":"eventBus"}}
{"__type":"$$EventMessageAudit","id":"4153eb2d-84dc-4b4b-a754-ee773effea06","ts":"2025-04-14T10:34:43.002+00:00","eventName":"n8n.audit.user.login.failed","message":"n8n.audit.user.login.failed","payload":{"authenticationMethod":"email","userEmail":"huhupikachu465@gmail.com","reason":"wrong credentials"}}
{"__type":"$$EventMessageConfirm","confirm":"4153eb2d-84dc-4b4b-a754-ee773effea06","ts":"2025-04-14T10:34:43.002+00:00","source":{"id":"0","name":"eventBus"}}
